<?xml version="1.0" encoding="UTF-8"?>
<robot generator="Robot 6.1.1 (Python 3.11.4 on win32)" generated="20231012 12:51:16.189" rpa="false" schemaversion="4">
<suite id="s1" name="Jimms" source="c:\temp\Gitit\Run-offs-Group-13\python files\jimms.robot">
<test id="s1-t1" name="Jimms RMA lomake" line="5">
<kw name="Open Browser" library="SeleniumLibrary">
<arg>https://www.jimms.fi</arg>
<arg>Chrome</arg>
<arg>options=add_experimental_option("detach", True)</arg>
<doc>Opens a new browser instance to the optional ``url``.</doc>
<msg timestamp="20231012 12:51:16.345" level="INFO">Opening browser 'Chrome' to base url 'https://www.jimms.fi'.</msg>
<status status="PASS" starttime="20231012 12:51:16.345" endtime="20231012 12:51:21.154"/>
</kw>
<kw name="Maximize Browser Window" library="SeleniumLibrary">
<doc>Maximizes current browser window.</doc>
<status status="PASS" starttime="20231012 12:51:21.154" endtime="20231012 12:51:21.379"/>
</kw>
<kw name="Sleep" library="BuiltIn">
<arg>2</arg>
<doc>Pauses the test executed for the given time.</doc>
<msg timestamp="20231012 12:51:23.380" level="INFO">Slept 2 seconds</msg>
<status status="PASS" starttime="20231012 12:51:21.380" endtime="20231012 12:51:23.380"/>
</kw>
<kw name="Run Keyword And Ignore Error" library="BuiltIn">
<arg>Scroll Element Into View</arg>
<arg>xpath:/html/body/footer/div[2]</arg>
<doc>Runs the given keyword with the given arguments and ignores possible error.</doc>
<kw name="Scroll Element Into View" library="SeleniumLibrary">
<arg>xpath:/html/body/footer/div[2]</arg>
<doc>Scrolls the element identified by ``locator`` into view.</doc>
<msg timestamp="20231012 12:51:23.627" level="INFO" html="true">&lt;/td&gt;&lt;/tr&gt;&lt;tr&gt;&lt;td colspan="3"&gt;&lt;a href="selenium-screenshot-11.png"&gt;&lt;img src="selenium-screenshot-11.png" width="800px"&gt;&lt;/a&gt;</msg>
<msg timestamp="20231012 12:51:23.627" level="FAIL">MoveTargetOutOfBoundsException: Message: move target out of bounds
  (Session info: chrome=117.0.5938.150)
Stacktrace:
	GetHandleVerifier [0x00007FF70CE77D12+55474]
	(No symbol) [0x00007FF70CDE77C2]
	(No symbol) [0x00007FF70CC9DF9D]
	(No symbol) [0x00007FF70CD20585]
	(No symbol) [0x00007FF70CCFF15A]
	(No symbol) [0x00007FF70CD17EF2]
	(No symbol) [0x00007FF70CCFEF33]
	(No symbol) [0x00007FF70CCD3D41]
	(No symbol) [0x00007FF70CCD4F84]
	GetHandleVerifier [0x00007FF70D1DB762+3609346]
	GetHandleVerifier [0x00007FF70D231A80+3962400]
	GetHandleVerifier [0x00007FF70D229F0F+3930799]
	GetHandleVerifier [0x00007FF70CF13CA6+694342]
	(No symbol) [0x00007FF70CDF2218]
	(No symbol) [0x00007FF70CDEE484]
	(No symbol) [0x00007FF70CDEE5B2]
	(No symbol) [0x00007FF70CDDEE13]
	BaseThreadInitThunk [0x00007FF9FA137344+20]
	RtlUserThreadStart [0x00007FF9FB2826B1+33]
</msg>
<status status="FAIL" starttime="20231012 12:51:23.382" endtime="20231012 12:51:23.631"/>
</kw>
<status status="PASS" starttime="20231012 12:51:23.382" endtime="20231012 12:51:23.631"/>
</kw>
<kw name="Sleep" library="BuiltIn">
<arg>2</arg>
<doc>Pauses the test executed for the given time.</doc>
<msg timestamp="20231012 12:51:25.631" level="INFO">Slept 2 seconds</msg>
<status status="PASS" starttime="20231012 12:51:23.631" endtime="20231012 12:51:25.631"/>
</kw>
<kw name="Click Element" library="SeleniumLibrary">
<arg>xpath:/html/body/footer/div[1]/div[2]/div[1]/ul/li[3]/a</arg>
<doc>Click the element identified by ``locator``.</doc>
<msg timestamp="20231012 12:51:25.631" level="INFO">Clicking element 'xpath:/html/body/footer/div[1]/div[2]/div[1]/ul/li[3]/a'.</msg>
<status status="PASS" starttime="20231012 12:51:25.631" endtime="20231012 12:51:26.274"/>
</kw>
<kw name="Sleep" library="BuiltIn">
<arg>2</arg>
<doc>Pauses the test executed for the given time.</doc>
<msg timestamp="20231012 12:51:28.276" level="INFO">Slept 2 seconds</msg>
<status status="PASS" starttime="20231012 12:51:26.274" endtime="20231012 12:51:28.276"/>
</kw>
<kw name="Click Element" library="SeleniumLibrary">
<arg>xpath:/html/body/main/div[2]/div/div[2]/div/div/ol/li[2]/a</arg>
<doc>Click the element identified by ``locator``.</doc>
<msg timestamp="20231012 12:51:28.276" level="INFO">Clicking element 'xpath:/html/body/main/div[2]/div/div[2]/div/div/ol/li[2]/a'.</msg>
<status status="PASS" starttime="20231012 12:51:28.276" endtime="20231012 12:51:28.787"/>
</kw>
<kw name="Select From List By Label" library="SeleniumLibrary">
<arg>id:RmaTypeID</arg>
<arg>Tuotteen takuu</arg>
<doc>Selects options from selection list ``locator`` by ``labels``.</doc>
<msg timestamp="20231012 12:51:28.788" level="INFO">Selecting options from selection list 'id:RmaTypeID' by label Tuotteen takuu.</msg>
<status status="PASS" starttime="20231012 12:51:28.787" endtime="20231012 12:51:28.819"/>
</kw>
<kw name="Input Text" library="SeleniumLibrary">
<arg>id:pf-SalesID</arg>
<arg>12345</arg>
<doc>Types the given ``text`` into the text field identified by ``locator``.</doc>
<msg timestamp="20231012 12:51:28.820" level="INFO">Typing text '12345' into text field 'id:pf-SalesID'.</msg>
<status status="PASS" starttime="20231012 12:51:28.820" endtime="20231012 12:51:28.889"/>
</kw>
<kw name="Input Text" library="SeleniumLibrary">
<arg>id:pf-Name</arg>
<arg>Aku Ankka</arg>
<doc>Types the given ``text`` into the text field identified by ``locator``.</doc>
<msg timestamp="20231012 12:51:28.890" level="INFO">Typing text 'Aku Ankka' into text field 'id:pf-Name'.</msg>
<status status="PASS" starttime="20231012 12:51:28.890" endtime="20231012 12:51:28.958"/>
</kw>
<kw name="Input Text" library="SeleniumLibrary">
<arg>id:pf-StreetAddress</arg>
<arg>Katuosoite 69</arg>
<doc>Types the given ``text`` into the text field identified by ``locator``.</doc>
<msg timestamp="20231012 12:51:28.958" level="INFO">Typing text 'Katuosoite 69' into text field 'id:pf-StreetAddress'.</msg>
<status status="PASS" starttime="20231012 12:51:28.958" endtime="20231012 12:51:29.031"/>
</kw>
<kw name="Input Text" library="SeleniumLibrary">
<arg>id:pf-PostalCode</arg>
<arg>00000</arg>
<doc>Types the given ``text`` into the text field identified by ``locator``.</doc>
<msg timestamp="20231012 12:51:29.031" level="INFO">Typing text '00000' into text field 'id:pf-PostalCode'.</msg>
<status status="PASS" starttime="20231012 12:51:29.031" endtime="20231012 12:51:29.097"/>
</kw>
<kw name="Input Text" library="SeleniumLibrary">
<arg>id:pf-City</arg>
<arg>Ankkalinna</arg>
<doc>Types the given ``text`` into the text field identified by ``locator``.</doc>
<msg timestamp="20231012 12:51:29.103" level="INFO">Typing text 'Ankkalinna' into text field 'id:pf-City'.</msg>
<status status="PASS" starttime="20231012 12:51:29.097" endtime="20231012 12:51:29.176"/>
</kw>
<kw name="Input Text" library="SeleniumLibrary">
<arg>id:pf-Email</arg>
<arg>d@d.com</arg>
<doc>Types the given ``text`` into the text field identified by ``locator``.</doc>
<msg timestamp="20231012 12:51:29.176" level="INFO">Typing text 'd@d.com' into text field 'id:pf-Email'.</msg>
<status status="PASS" starttime="20231012 12:51:29.176" endtime="20231012 12:51:29.243"/>
</kw>
<kw name="Input Text" library="SeleniumLibrary">
<arg>id:pf-Phone</arg>
<arg>0401234567</arg>
<doc>Types the given ``text`` into the text field identified by ``locator``.</doc>
<msg timestamp="20231012 12:51:29.243" level="INFO">Typing text '0401234567' into text field 'id:pf-Phone'.</msg>
<status status="PASS" starttime="20231012 12:51:29.243" endtime="20231012 12:51:29.322"/>
</kw>
<kw name="Input Text" library="SeleniumLibrary">
<arg>id:pf-RmaProductCode</arg>
<arg>tuotekooditahan</arg>
<doc>Types the given ``text`` into the text field identified by ``locator``.</doc>
<msg timestamp="20231012 12:51:29.322" level="INFO">Typing text 'tuotekooditahan' into text field 'id:pf-RmaProductCode'.</msg>
<status status="PASS" starttime="20231012 12:51:29.322" endtime="20231012 12:51:29.402"/>
</kw>
<kw name="Input Text" library="SeleniumLibrary">
<arg>id:pf-RmaProductName</arg>
<arg>tuotenimitahan</arg>
<doc>Types the given ``text`` into the text field identified by ``locator``.</doc>
<msg timestamp="20231012 12:51:29.403" level="INFO">Typing text 'tuotenimitahan' into text field 'id:pf-RmaProductName'.</msg>
<status status="PASS" starttime="20231012 12:51:29.403" endtime="20231012 12:51:29.488"/>
</kw>
<kw name="Input Text" library="SeleniumLibrary">
<arg>id:RmaMessage</arg>
<arg>tähän porhaltaa tekstiä miksi palautetaan</arg>
<doc>Types the given ``text`` into the text field identified by ``locator``.</doc>
<msg timestamp="20231012 12:51:29.488" level="INFO">Typing text 'tähän porhaltaa tekstiä miksi palautetaan' into text field 'id:RmaMessage'.</msg>
<status status="PASS" starttime="20231012 12:51:29.488" endtime="20231012 12:51:29.616"/>
</kw>
<kw name="Input Text" library="SeleniumLibrary">
<arg>id:pf-BankAccount</arg>
<arg>FI2180000012345678</arg>
<doc>Types the given ``text`` into the text field identified by ``locator``.</doc>
<msg timestamp="20231012 12:51:29.619" level="INFO">Typing text 'FI2180000012345678' into text field 'id:pf-BankAccount'.</msg>
<status status="PASS" starttime="20231012 12:51:29.618" endtime="20231012 12:51:29.710"/>
</kw>
<kw name="Run Keyword And Ignore Error" library="BuiltIn">
<arg>Scroll Element Into View</arg>
<arg>xpath:/html/body/main/div[2]/div/div[2]/div/div/form/input[2]</arg>
<doc>Runs the given keyword with the given arguments and ignores possible error.</doc>
<kw name="Scroll Element Into View" library="SeleniumLibrary">
<arg>xpath:/html/body/main/div[2]/div/div[2]/div/div/form/input[2]</arg>
<doc>Scrolls the element identified by ``locator`` into view.</doc>
<msg timestamp="20231012 12:51:29.849" level="INFO" html="true">&lt;/td&gt;&lt;/tr&gt;&lt;tr&gt;&lt;td colspan="3"&gt;&lt;a href="selenium-screenshot-12.png"&gt;&lt;img src="selenium-screenshot-12.png" width="800px"&gt;&lt;/a&gt;</msg>
<msg timestamp="20231012 12:51:29.849" level="FAIL">MoveTargetOutOfBoundsException: Message: move target out of bounds
  (Session info: chrome=117.0.5938.150)
Stacktrace:
	GetHandleVerifier [0x00007FF70CE77D12+55474]
	(No symbol) [0x00007FF70CDE77C2]
	(No symbol) [0x00007FF70CC9DF9D]
	(No symbol) [0x00007FF70CD20585]
	(No symbol) [0x00007FF70CCFF15A]
	(No symbol) [0x00007FF70CD17EF2]
	(No symbol) [0x00007FF70CCFEF33]
	(No symbol) [0x00007FF70CCD3D41]
	(No symbol) [0x00007FF70CCD4F84]
	GetHandleVerifier [0x00007FF70D1DB762+3609346]
	GetHandleVerifier [0x00007FF70D231A80+3962400]
	GetHandleVerifier [0x00007FF70D229F0F+3930799]
	GetHandleVerifier [0x00007FF70CF13CA6+694342]
	(No symbol) [0x00007FF70CDF2218]
	(No symbol) [0x00007FF70CDEE484]
	(No symbol) [0x00007FF70CDEE5B2]
	(No symbol) [0x00007FF70CDDEE13]
	BaseThreadInitThunk [0x00007FF9FA137344+20]
	RtlUserThreadStart [0x00007FF9FB2826B1+33]
</msg>
<status status="FAIL" starttime="20231012 12:51:29.710" endtime="20231012 12:51:29.849"/>
</kw>
<status status="PASS" starttime="20231012 12:51:29.710" endtime="20231012 12:51:29.849"/>
</kw>
<status status="PASS" starttime="20231012 12:51:16.345" endtime="20231012 12:51:29.849"/>
</test>
<status status="PASS" starttime="20231012 12:51:16.194" endtime="20231012 12:51:29.849"/>
</suite>
<statistics>
<total>
<stat pass="1" fail="0" skip="0">All Tests</stat>
</total>
<tag>
</tag>
<suite>
<stat pass="1" fail="0" skip="0" id="s1" name="Jimms">Jimms</stat>
</suite>
</statistics>
<errors>
</errors>
</robot>
